<?xml version="1.0" encoding="UTF-8"?>
<!-- Generated by org.testng.reporters.JUnitReportReporter -->
<testsuite hostname="RaviKonka" failures="0" tests="2" name="Selenium_Files.UI_Sample_Chrome" time="0.012" errors="0" timestamp="2022-02-21T14:49:18 PST" skipped="0">
  <testcase classname="Selenium_Files.UI_Sample_Chrome" name="sample" time="0.004"/>
  <system-out/>
  <testcase classname="Selenium_Files.UI_Sample_Chrome" name="verifyHomepageTitle" time="0.008"/>
  <system-out/>
</testsuite> <!-- Selenium_Files.UI_Sample_Chrome -->
