<?xml version="1.0" encoding="UTF-8"?>
<!-- Generated by org.testng.reporters.JUnitReportReporter -->
<testsuite hostname="RaviKonka" failures="0" tests="1" name="Selenium_Files.UI_Sample_DriverManager" time="7.602" errors="0" timestamp="2022-03-01T17:57:03 PST" skipped="0">
  <testcase classname="Selenium_Files.UI_Sample_DriverManager" name="testing" time="7.602"/>
  <system-out/>
</testsuite> <!-- Selenium_Files.UI_Sample_DriverManager -->
