<?xml version="1.0" encoding="UTF-8"?>
<!-- Generated by org.testng.reporters.JUnitReportReporter -->
<testsuite hostname="RaviKonka" failures="0" tests="1" name="Selenium_Files.UI_Sample_Extent_New" time="0.010" errors="0" timestamp="2022-02-08T14:06:52 PST" skipped="0">
  <testcase classname="Selenium_Files.UI_Sample_Extent_New" name="passTest" time="0.010"/>
  <system-out/>
</testsuite> <!-- Selenium_Files.UI_Sample_Extent_New -->
