<?xml version="1.0" encoding="UTF-8"?>
<!-- Generated by org.testng.reporters.JUnitReportReporter -->
<testsuite hostname="RaviKonka" failures="0" tests="1" name="Selenium_Files.UI_Sample" time="7.340" errors="0" timestamp="2022-03-01T17:03:51 PST" skipped="0">
  <testcase classname="Selenium_Files.UI_Sample" name="verifyHomepageTitle" time="7.340"/>
  <system-out/>
</testsuite> <!-- Selenium_Files.UI_Sample -->
