<?xml version="1.0" encoding="UTF-8"?>
<!-- Generated by org.testng.reporters.JUnitReportReporter -->
<testsuite hostname="RaviKonka" failures="0" tests="2" name="Java_Samples.samplePrograms" time="0.007" errors="0" timestamp="2022-02-22T14:07:02 PST" skipped="0">
  <testcase classname="Java_Samples.samplePrograms" name="myTest" time="0.006"/>
  <system-out/>
  <testcase classname="Java_Samples.samplePrograms" name="sampleJavaExamples" time="0.001"/>
  <system-out/>
</testsuite> <!-- Java_Samples.samplePrograms -->
