<?xml version="1.0" encoding="UTF-8"?>
<!-- Generated by org.testng.reporters.JUnitReportReporter -->
<testsuite hostname="RaviKonka" failures="0" tests="1" name="Selenium_Files.UI_Screenshot" time="0.008" errors="0" timestamp="2022-03-01T17:17:56 PST" skipped="0">
  <testcase classname="Selenium_Files.UI_Screenshot" name="verifyHomepageTitle" time="0.008"/>
  <system-out/>
</testsuite> <!-- Selenium_Files.UI_Screenshot -->
