<?xml version="1.0" encoding="UTF-8"?>
<!-- Generated by org.testng.reporters.JUnitReportReporter -->
<testsuite hostname="RaviKonka" failures="0" tests="2" name="MyRunner.TestRunner" time="5.479" errors="0" timestamp="2022-03-02T15:02:33 PST" skipped="0">
  <testcase classname="MyRunner.TestRunner" name="scenario" time="0.046"/>
  <system-out/>
  <testcase classname="MyRunner.TestRunner" name="scenario" time="5.433"/>
  <system-out/>
</testsuite> <!-- MyRunner.TestRunner -->
